0 info it worked if it ends with ok
1 verbose cli [ 'node', '/usr/local/bin/npm', 'link', 'strapkit_lib' ]
2 info using npm@1.4.28
3 info using node@v0.10.35
4 verbose install where,what [ '/Users/marcellebonterre/npm/lib', [ 'strapkit_lib' ] ]
5 verbose cache add [ 'strapkit_lib', null ]
6 verbose cache add name=undefined spec="strapkit_lib" args=["strapkit_lib",null]
7 verbose parsed url { protocol: null,
7 verbose parsed url   slashes: null,
7 verbose parsed url   auth: null,
7 verbose parsed url   host: null,
7 verbose parsed url   port: null,
7 verbose parsed url   hostname: null,
7 verbose parsed url   hash: null,
7 verbose parsed url   search: null,
7 verbose parsed url   query: null,
7 verbose parsed url   pathname: 'strapkit_lib',
7 verbose parsed url   path: 'strapkit_lib',
7 verbose parsed url   href: 'strapkit_lib' }
8 silly lockFile 4bf51158-strapkit-lib strapkit_lib
9 verbose lock strapkit_lib /Users/marcellebonterre/.npm/4bf51158-strapkit-lib.lock
10 silly lockFile 4bf51158-strapkit-lib strapkit_lib
11 silly lockFile 4bf51158-strapkit-lib strapkit_lib
12 verbose addNamed [ 'strapkit_lib', '' ]
13 verbose addNamed [ null, '*' ]
14 silly lockFile 98b746e2-strapkit-lib strapkit_lib@
15 verbose lock strapkit_lib@ /Users/marcellebonterre/.npm/98b746e2-strapkit-lib.lock
16 silly addNameRange { name: 'strapkit_lib', range: '*', hasData: false }
17 verbose request where is /strapkit_lib
18 verbose request registry https://registry.npmjs.org/
19 verbose request id 4b76b88b1de290f4
20 verbose url raw /strapkit_lib
21 verbose url resolving [ 'https://registry.npmjs.org/', './strapkit_lib' ]
22 verbose url resolved https://registry.npmjs.org/strapkit_lib
23 verbose request where is https://registry.npmjs.org/strapkit_lib
24 info trying registry request attempt 1 at 14:50:08
25 http GET https://registry.npmjs.org/strapkit_lib
26 http 404 https://registry.npmjs.org/strapkit_lib
27 verbose headers { date: 'Wed, 07 Jan 2015 19:50:07 GMT',
27 verbose headers   server: 'CouchDB/1.5.0 (Erlang OTP/R16B03)',
27 verbose headers   'content-type': 'application/json',
27 verbose headers   'cache-control': 'max-age=0',
27 verbose headers   'content-length': '52',
27 verbose headers   'accept-ranges': 'bytes',
27 verbose headers   via: '1.1 varnish',
27 verbose headers   age: '0',
27 verbose headers   'x-served-by': 'cache-atl6232-ATL',
27 verbose headers   'x-cache': 'MISS',
27 verbose headers   'x-cache-hits': '0',
27 verbose headers   'x-timer': 'S1420660207.912234,VS0,VE83',
27 verbose headers   'keep-alive': 'timeout=10, max=50',
27 verbose headers   connection: 'Keep-Alive' }
28 silly registry.get cb [ 404,
28 silly registry.get   { date: 'Wed, 07 Jan 2015 19:50:07 GMT',
28 silly registry.get     server: 'CouchDB/1.5.0 (Erlang OTP/R16B03)',
28 silly registry.get     'content-type': 'application/json',
28 silly registry.get     'cache-control': 'max-age=0',
28 silly registry.get     'content-length': '52',
28 silly registry.get     'accept-ranges': 'bytes',
28 silly registry.get     via: '1.1 varnish',
28 silly registry.get     age: '0',
28 silly registry.get     'x-served-by': 'cache-atl6232-ATL',
28 silly registry.get     'x-cache': 'MISS',
28 silly registry.get     'x-cache-hits': '0',
28 silly registry.get     'x-timer': 'S1420660207.912234,VS0,VE83',
28 silly registry.get     'keep-alive': 'timeout=10, max=50',
28 silly registry.get     connection: 'Keep-Alive' } ]
29 silly lockFile 98b746e2-strapkit-lib strapkit_lib@
30 silly lockFile 98b746e2-strapkit-lib strapkit_lib@
31 error 404 404 Not Found: strapkit_lib
31 error 404
31 error 404 'strapkit_lib' is not in the npm registry.
31 error 404 You should bug the author to publish it
31 error 404
31 error 404 Note that you can also install from a
31 error 404 tarball, folder, or http url, or git url.
32 error System Darwin 14.0.0
33 error command "node" "/usr/local/bin/npm" "link" "strapkit_lib"
34 error cwd /Users/marcellebonterre/Code/work/strap/strapkit_private/strapkit_cli
35 error node -v v0.10.35
36 error npm -v 1.4.28
37 error code E404
38 verbose exit [ 1, true ]
