0 info it worked if it ends with ok
1 verbose cli [ '/usr/local/bin/node',
1 verbose cli   '/usr/local/bin/npm',
1 verbose cli   'install',
1 verbose cli   '-g',
1 verbose cli   'strapkit' ]
2 info using npm@1.4.21
3 info using node@v0.10.30
4 verbose cache add [ 'strapkit', null ]
5 verbose cache add name=undefined spec="strapkit" args=["strapkit",null]
6 verbose parsed url { protocol: null,
6 verbose parsed url   slashes: null,
6 verbose parsed url   auth: null,
6 verbose parsed url   host: null,
6 verbose parsed url   port: null,
6 verbose parsed url   hostname: null,
6 verbose parsed url   hash: null,
6 verbose parsed url   search: null,
6 verbose parsed url   query: null,
6 verbose parsed url   pathname: 'strapkit',
6 verbose parsed url   path: 'strapkit',
6 verbose parsed url   href: 'strapkit' }
7 silly lockFile c677eeb6-strapkit strapkit
8 verbose lock strapkit /home/marcelle/.npm/c677eeb6-strapkit.lock
9 silly lockFile c677eeb6-strapkit strapkit
10 silly lockFile c677eeb6-strapkit strapkit
11 verbose addNamed [ 'strapkit', '' ]
12 verbose addNamed [ null, '*' ]
13 silly lockFile a2d29c0d-strapkit strapkit@
14 verbose lock strapkit@ /home/marcelle/.npm/a2d29c0d-strapkit.lock
15 silly addNameRange { name: 'strapkit', range: '*', hasData: false }
16 verbose request where is /strapkit
17 verbose request registry https://registry.npmjs.org/
18 verbose request id d18fc843cbe3e2dc
19 verbose url raw /strapkit
20 verbose url resolving [ 'https://registry.npmjs.org/', './strapkit' ]
21 verbose url resolved https://registry.npmjs.org/strapkit
22 verbose request where is https://registry.npmjs.org/strapkit
23 info trying registry request attempt 1 at 00:41:45
24 verbose etag "54BUF571XNPOM1TSJTTKHNZZO"
25 http GET https://registry.npmjs.org/strapkit
26 http 304 https://registry.npmjs.org/strapkit
27 silly registry.get cb [ 304,
27 silly registry.get   { date: 'Mon, 20 Oct 2014 04:41:47 GMT',
27 silly registry.get     server: 'Apache',
27 silly registry.get     via: '1.1 varnish',
27 silly registry.get     'last-modified': 'Mon, 20 Oct 2014 04:41:47 GMT',
27 silly registry.get     'cache-control': 'max-age=60',
27 silly registry.get     etag: '"54BUF571XNPOM1TSJTTKHNZZO"',
27 silly registry.get     age: '0',
27 silly registry.get     'x-served-by': 'cache-jfk1032-JFK',
27 silly registry.get     'x-cache': 'MISS',
27 silly registry.get     'x-cache-hits': '0',
27 silly registry.get     'x-timer': 'S1413780107.170571,VS0,VE746',
27 silly registry.get     vary: 'Accept',
27 silly registry.get     'content-length': '0',
27 silly registry.get     'keep-alive': 'timeout=10, max=50',
27 silly registry.get     connection: 'Keep-Alive' } ]
28 verbose etag https://registry.npmjs.org/strapkit from cache
29 silly addNameRange number 2 { name: 'strapkit', range: '*', hasData: true }
30 silly addNameRange versions [ 'strapkit', [ '0.1.0', '0.1.2' ] ]
31 verbose addNamed [ 'strapkit', '0.1.2' ]
32 verbose addNamed [ '0.1.2', '0.1.2' ]
33 silly lockFile d6f64091-strapkit-0-1-2 strapkit@0.1.2
34 verbose lock strapkit@0.1.2 /home/marcelle/.npm/d6f64091-strapkit-0-1-2.lock
35 silly lockFile d6f64091-strapkit-0-1-2 strapkit@0.1.2
36 silly lockFile d6f64091-strapkit-0-1-2 strapkit@0.1.2
37 silly lockFile a2d29c0d-strapkit strapkit@
38 silly lockFile a2d29c0d-strapkit strapkit@
39 silly resolved [ { name: 'strapkit',
39 silly resolved     version: '0.1.2',
39 silly resolved     description: 'Write once, deploy everyWear. Cross platform development tools for wearables.',
39 silly resolved     bin: { strapkit: './bin/strapkit' },
39 silly resolved     directories: { doc: 'doc' },
39 silly resolved     scripts: { test: 'echo "Error: no test specified" && exit 1' },
39 silly resolved     repository: { type: 'git', url: 'https://github.com/strap/strapkit' },
39 silly resolved     dependencies:
39 silly resolved      { 'strapkit-lib': '0.1.0',
39 silly resolved        q: '~0.9',
39 silly resolved        optimist: '0.6.0',
39 silly resolved        underscore: '1.4.4' },
39 silly resolved     keywords:
39 silly resolved      [ 'strapkit',
39 silly resolved        'wearable',
39 silly resolved        'pebble',
39 silly resolved        'gear',
39 silly resolved        'wear',
39 silly resolved        'glass',
39 silly resolved        'iwatch' ],
39 silly resolved     author: { name: 'Strap' },
39 silly resolved     license: 'Apache',
39 silly resolved     bugs: { url: 'https://github.com/strap/strapkit/issues' },
39 silly resolved     homepage: 'https://github.com/strap/strapkit',
39 silly resolved     readme: 'StrapKit - Cross-Platform Tools for Wearable Developers\n----\n**Soon:** A cross platform development framework for wearables. Write once, deploy everywear. This is going to be awesome.\n\n**For now:** Use ```strapkit``` to generate a new project with StrapMetrics built right in. More to follow.\n\n### Usage:\n\nSee doc/help.txt',
39 silly resolved     readmeFilename: 'README.md',
39 silly resolved     _id: 'strapkit@0.1.2',
39 silly resolved     _shasum: '0f2a60a149c070845dce4218171983445259d88c',
39 silly resolved     _from: 'strapkit@' } ]
40 info install strapkit@0.1.2 into /usr/local/lib
41 info installOne strapkit@0.1.2
42 verbose lib/node_modules/strapkit unbuild
43 verbose tar unpack /home/marcelle/.npm/strapkit/0.1.2/package.tgz
44 silly lockFile f9f4d2fc--local-lib-node-modules-strapkit tar:///usr/local/lib/node_modules/strapkit
45 verbose lock tar:///usr/local/lib/node_modules/strapkit /home/marcelle/.npm/f9f4d2fc--local-lib-node-modules-strapkit.lock
46 silly lockFile a2ff742b-e-npm-strapkit-0-1-2-package-tgz tar:///home/marcelle/.npm/strapkit/0.1.2/package.tgz
47 verbose lock tar:///home/marcelle/.npm/strapkit/0.1.2/package.tgz /home/marcelle/.npm/a2ff742b-e-npm-strapkit-0-1-2-package-tgz.lock
48 silly gunzTarPerm modes [ '755', '644' ]
49 silly gunzTarPerm extractEntry package.json
50 silly gunzTarPerm modified mode [ 'package.json', 436, 420 ]
51 silly gunzTarPerm extractEntry README.md
52 silly gunzTarPerm modified mode [ 'README.md', 436, 420 ]
53 silly gunzTarPerm extractEntry bin/strapkit
54 silly gunzTarPerm modified mode [ 'bin/strapkit', 509, 493 ]
55 silly gunzTarPerm extractEntry doc/help.txt
56 silly gunzTarPerm modified mode [ 'doc/help.txt', 436, 420 ]
57 silly gunzTarPerm extractEntry src/cli.js
58 silly gunzTarPerm modified mode [ 'src/cli.js', 436, 420 ]
59 silly gunzTarPerm extractEntry src/help.js
60 silly gunzTarPerm modified mode [ 'src/help.js', 436, 420 ]
61 silly lockFile f9f4d2fc--local-lib-node-modules-strapkit tar:///usr/local/lib/node_modules/strapkit
62 silly lockFile f9f4d2fc--local-lib-node-modules-strapkit tar:///usr/local/lib/node_modules/strapkit
63 silly lockFile a2ff742b-e-npm-strapkit-0-1-2-package-tgz tar:///home/marcelle/.npm/strapkit/0.1.2/package.tgz
64 silly lockFile a2ff742b-e-npm-strapkit-0-1-2-package-tgz tar:///home/marcelle/.npm/strapkit/0.1.2/package.tgz
65 info preinstall strapkit@0.1.2
66 verbose readDependencies using package.json deps
67 verbose readDependencies using package.json deps
68 verbose cache add [ 'strapkit-lib@0.1.0', null ]
69 verbose cache add name=undefined spec="strapkit-lib@0.1.0" args=["strapkit-lib@0.1.0",null]
70 verbose parsed url { protocol: null,
70 verbose parsed url   slashes: null,
70 verbose parsed url   auth: null,
70 verbose parsed url   host: null,
70 verbose parsed url   port: null,
70 verbose parsed url   hostname: null,
70 verbose parsed url   hash: null,
70 verbose parsed url   search: null,
70 verbose parsed url   query: null,
70 verbose parsed url   pathname: 'strapkit-lib@0.1.0',
70 verbose parsed url   path: 'strapkit-lib@0.1.0',
70 verbose parsed url   href: 'strapkit-lib@0.1.0' }
71 verbose cache add [ 'q@~0.9', null ]
72 verbose cache add name=undefined spec="q@~0.9" args=["q@~0.9",null]
73 verbose parsed url { protocol: null,
73 verbose parsed url   slashes: null,
73 verbose parsed url   auth: null,
73 verbose parsed url   host: null,
73 verbose parsed url   port: null,
73 verbose parsed url   hostname: null,
73 verbose parsed url   hash: null,
73 verbose parsed url   search: null,
73 verbose parsed url   query: null,
73 verbose parsed url   pathname: 'q@~0.9',
73 verbose parsed url   path: 'q@~0.9',
73 verbose parsed url   href: 'q@~0.9' }
74 verbose cache add name="strapkit-lib" spec="0.1.0" args=["strapkit-lib","0.1.0"]
75 verbose parsed url { protocol: null,
75 verbose parsed url   slashes: null,
75 verbose parsed url   auth: null,
75 verbose parsed url   host: null,
75 verbose parsed url   port: null,
75 verbose parsed url   hostname: null,
75 verbose parsed url   hash: null,
75 verbose parsed url   search: null,
75 verbose parsed url   query: null,
75 verbose parsed url   pathname: '0.1.0',
75 verbose parsed url   path: '0.1.0',
75 verbose parsed url   href: '0.1.0' }
76 verbose addNamed [ 'strapkit-lib', '0.1.0' ]
77 verbose addNamed [ '0.1.0', '0.1.0' ]
78 silly lockFile 46a62279-strapkit-lib-0-1-0 strapkit-lib@0.1.0
79 verbose lock strapkit-lib@0.1.0 /home/marcelle/.npm/46a62279-strapkit-lib-0-1-0.lock
80 verbose cache add [ 'optimist@0.6.0', null ]
81 verbose cache add name=undefined spec="optimist@0.6.0" args=["optimist@0.6.0",null]
82 verbose parsed url { protocol: null,
82 verbose parsed url   slashes: null,
82 verbose parsed url   auth: null,
82 verbose parsed url   host: null,
82 verbose parsed url   port: null,
82 verbose parsed url   hostname: null,
82 verbose parsed url   hash: null,
82 verbose parsed url   search: null,
82 verbose parsed url   query: null,
82 verbose parsed url   pathname: 'optimist@0.6.0',
82 verbose parsed url   path: 'optimist@0.6.0',
82 verbose parsed url   href: 'optimist@0.6.0' }
83 verbose cache add [ 'underscore@1.4.4', null ]
84 verbose cache add name=undefined spec="underscore@1.4.4" args=["underscore@1.4.4",null]
85 verbose parsed url { protocol: null,
85 verbose parsed url   slashes: null,
85 verbose parsed url   auth: null,
85 verbose parsed url   host: null,
85 verbose parsed url   port: null,
85 verbose parsed url   hostname: null,
85 verbose parsed url   hash: null,
85 verbose parsed url   search: null,
85 verbose parsed url   query: null,
85 verbose parsed url   pathname: 'underscore@1.4.4',
85 verbose parsed url   path: 'underscore@1.4.4',
85 verbose parsed url   href: 'underscore@1.4.4' }
86 verbose cache add name="q" spec="~0.9" args=["q","~0.9"]
87 verbose parsed url { protocol: null,
87 verbose parsed url   slashes: null,
87 verbose parsed url   auth: null,
87 verbose parsed url   host: null,
87 verbose parsed url   port: null,
87 verbose parsed url   hostname: null,
87 verbose parsed url   hash: null,
87 verbose parsed url   search: null,
87 verbose parsed url   query: null,
87 verbose parsed url   pathname: '~0.9',
87 verbose parsed url   path: '~0.9',
87 verbose parsed url   href: '~0.9' }
88 verbose addNamed [ 'q', '~0.9' ]
89 verbose addNamed [ null, '>=0.9.0-0 <0.10.0-0' ]
90 silly lockFile 81c03ade-q-0-9 q@~0.9
91 verbose lock q@~0.9 /home/marcelle/.npm/81c03ade-q-0-9.lock
92 verbose cache add name="optimist" spec="0.6.0" args=["optimist","0.6.0"]
93 verbose parsed url { protocol: null,
93 verbose parsed url   slashes: null,
93 verbose parsed url   auth: null,
93 verbose parsed url   host: null,
93 verbose parsed url   port: null,
93 verbose parsed url   hostname: null,
93 verbose parsed url   hash: null,
93 verbose parsed url   search: null,
93 verbose parsed url   query: null,
93 verbose parsed url   pathname: '0.6.0',
93 verbose parsed url   path: '0.6.0',
93 verbose parsed url   href: '0.6.0' }
94 verbose addNamed [ 'optimist', '0.6.0' ]
95 verbose addNamed [ '0.6.0', '0.6.0' ]
96 silly lockFile 6403b4d6-optimist-0-6-0 optimist@0.6.0
97 verbose lock optimist@0.6.0 /home/marcelle/.npm/6403b4d6-optimist-0-6-0.lock
98 verbose cache add name="underscore" spec="1.4.4" args=["underscore","1.4.4"]
99 verbose parsed url { protocol: null,
99 verbose parsed url   slashes: null,
99 verbose parsed url   auth: null,
99 verbose parsed url   host: null,
99 verbose parsed url   port: null,
99 verbose parsed url   hostname: null,
99 verbose parsed url   hash: null,
99 verbose parsed url   search: null,
99 verbose parsed url   query: null,
99 verbose parsed url   pathname: '1.4.4',
99 verbose parsed url   path: '1.4.4',
99 verbose parsed url   href: '1.4.4' }
100 verbose addNamed [ 'underscore', '1.4.4' ]
101 verbose addNamed [ '1.4.4', '1.4.4' ]
102 silly lockFile c6b5e825-underscore-1-4-4 underscore@1.4.4
103 verbose lock underscore@1.4.4 /home/marcelle/.npm/c6b5e825-underscore-1-4-4.lock
104 verbose request where is /strapkit-lib
105 verbose request registry https://registry.npmjs.org/
106 verbose url raw /strapkit-lib
107 verbose url resolving [ 'https://registry.npmjs.org/', './strapkit-lib' ]
108 verbose url resolved https://registry.npmjs.org/strapkit-lib
109 verbose request where is https://registry.npmjs.org/strapkit-lib
110 info trying registry request attempt 1 at 00:41:47
111 http GET https://registry.npmjs.org/strapkit-lib
112 silly addNameRange { name: 'q', range: '>=0.9.0-0 <0.10.0-0', hasData: false }
113 verbose request where is /optimist
114 verbose request registry https://registry.npmjs.org/
115 verbose url raw /optimist
116 verbose url resolving [ 'https://registry.npmjs.org/', './optimist' ]
117 verbose url resolved https://registry.npmjs.org/optimist
118 verbose request where is https://registry.npmjs.org/optimist
119 info trying registry request attempt 1 at 00:41:47
120 verbose etag "9BQIH52KZEWZ1D7Q2SJ925GSA"
121 http GET https://registry.npmjs.org/optimist
122 verbose request where is /underscore
123 verbose request registry https://registry.npmjs.org/
124 verbose url raw /underscore
125 verbose url resolving [ 'https://registry.npmjs.org/', './underscore' ]
126 verbose url resolved https://registry.npmjs.org/underscore
127 verbose request where is https://registry.npmjs.org/underscore
128 info trying registry request attempt 1 at 00:41:47
129 verbose etag "ANMP2SIR3ESP45FMUL1GYQSA6"
130 http GET https://registry.npmjs.org/underscore
131 verbose request where is /q
132 verbose request registry https://registry.npmjs.org/
133 verbose url raw /q
134 verbose url resolving [ 'https://registry.npmjs.org/', './q' ]
135 verbose url resolved https://registry.npmjs.org/q
136 verbose request where is https://registry.npmjs.org/q
137 info trying registry request attempt 1 at 00:41:47
138 verbose etag "CIHT4ZI46QOEE8O8QGHV1UDUE"
139 http GET https://registry.npmjs.org/q
140 http 200 https://registry.npmjs.org/strapkit-lib
141 silly registry.get cb [ 200,
141 silly registry.get   { date: 'Mon, 20 Oct 2014 04:41:48 GMT',
141 silly registry.get     server: 'CouchDB/1.5.0 (Erlang OTP/R16B03)',
141 silly registry.get     etag: '"523QRUDUDKLYL2UEK9VSFHMYG"',
141 silly registry.get     'content-type': 'application/json',
141 silly registry.get     'cache-control': 'max-age=60',
141 silly registry.get     'content-length': '3357',
141 silly registry.get     'accept-ranges': 'bytes',
141 silly registry.get     via: '1.1 varnish',
141 silly registry.get     age: '1',
141 silly registry.get     'x-served-by': 'cache-jfk1027-JFK',
141 silly registry.get     'x-cache': 'HIT',
141 silly registry.get     'x-cache-hits': '1',
141 silly registry.get     'x-timer': 'S1413780108.398849,VS0,VE0',
141 silly registry.get     vary: 'Accept',
141 silly registry.get     'keep-alive': 'timeout=10, max=50',
141 silly registry.get     connection: 'Keep-Alive' } ]
142 silly lockFile 46a62279-strapkit-lib-0-1-0 strapkit-lib@0.1.0
143 silly lockFile 46a62279-strapkit-lib-0-1-0 strapkit-lib@0.1.0
144 verbose about to build /usr/local/lib/node_modules/strapkit
145 verbose lib/node_modules/strapkit unbuild
146 info preuninstall strapkit@0.1.2
147 http 304 https://registry.npmjs.org/optimist
148 silly registry.get cb [ 304,
148 silly registry.get   { date: 'Mon, 20 Oct 2014 04:41:48 GMT',
148 silly registry.get     server: 'Apache',
148 silly registry.get     via: '1.1 varnish',
148 silly registry.get     'last-modified': 'Mon, 20 Oct 2014 04:41:48 GMT',
148 silly registry.get     'cache-control': 'max-age=60',
148 silly registry.get     etag: '"9BQIH52KZEWZ1D7Q2SJ925GSA"',
148 silly registry.get     age: '16',
148 silly registry.get     'x-served-by': 'cache-iad2128-IAD',
148 silly registry.get     'x-cache': 'HIT',
148 silly registry.get     'x-cache-hits': '1',
148 silly registry.get     'x-timer': 'S1413780108.431306,VS0,VE0',
148 silly registry.get     vary: 'Accept',
148 silly registry.get     'content-length': '0',
148 silly registry.get     'keep-alive': 'timeout=10, max=50',
148 silly registry.get     connection: 'Keep-Alive' } ]
149 verbose etag https://registry.npmjs.org/optimist from cache
150 info uninstall strapkit@0.1.2
151 verbose true,/usr/local/lib/node_modules,/usr/local/lib/node_modules unbuild strapkit@0.1.2
152 verbose /usr/local/bin,[object Object] binRoot
153 info postuninstall strapkit@0.1.2
154 error Error: version not found: strapkit-lib@0.1.0
154 error     at /usr/local/lib/node_modules/npm/lib/cache/add-named.js:125:12
154 error     at saved (/usr/local/lib/node_modules/npm/node_modules/npm-registry-client/lib/get.js:167:7)
154 error     at Object.oncomplete (fs.js:107:15)
155 error If you need help, you may report this *entire* log,
155 error including the npm and node versions, at:
155 error     <http://github.com/npm/npm/issues>
156 error System Linux 3.13.0-37-generic
157 error command "/usr/local/bin/node" "/usr/local/bin/npm" "install" "-g" "strapkit"
158 error cwd /home/marcelle/Code/strap/strapkit_private/strapkit_lib
159 error node -v v0.10.30
160 error npm -v 1.4.21
161 verbose exit [ 1, true ]
